<?xml version="1.0" encoding="UTF-8"?>
<testsuite name="AppTest" tests="4" skipped="0" failures="0" errors="0" timestamp="2016-02-12T22:12:17" hostname="epicodus-66.local" time="0.35">
  <properties/>
  <testcase name="isCatchingNoInput" classname="AppTest" time="0.292"/>
  <testcase name="isReplacingAllVowelsInPhrase" classname="AppTest" time="0.019"/>
  <testcase name="rootTest" classname="AppTest" time="0.009"/>
  <testcase name="isReplacingVowelInWord" classname="AppTest" time="0.017"/>
  <system-out><![CDATA[]]></system-out>
  <system-err><![CDATA[[Thread-4] INFO spark.webserver.SparkServer - == Spark has ignited ...
[Thread-4] INFO spark.webserver.SparkServer - >> Listening on 0.0.0.0:4567
[Thread-4] INFO org.eclipse.jetty.server.Server - jetty-9.0.2.v20130417
[Thread-4] INFO org.eclipse.jetty.server.ServerConnector - Started ServerConnector@72cafbc8{HTTP/1.1}{0.0.0.0:4567}
[Test worker] INFO spark.webserver.SparkServer - >>> Spark shutting down ...
[Test worker] INFO org.eclipse.jetty.server.Server - Graceful shutdown org.eclipse.jetty.server.Server@5fcbe23d by 
[Test worker] INFO org.eclipse.jetty.server.ServerConnector - Stopped ServerConnector@72cafbc8{HTTP/1.1}{0.0.0.0:4567}
[Test worker] INFO spark.webserver.SparkServer - done
]]></system-err>
</testsuite>
