<?xml version="1.0" encoding="UTF-8"?>
<testsuite name="PuzzleReplacerTest" tests="3" skipped="0" failures="0" errors="0" timestamp="2016-02-12T22:12:17" hostname="epicodus-66.local" time="0.0">
  <properties/>
  <testcase name="isReplacingVowelsIncludingY" classname="PuzzleReplacerTest" time="0.0"/>
  <testcase name="isReplacingVowelsInAllWords" classname="PuzzleReplacerTest" time="0.0"/>
  <testcase name="isReplacingVowelInAWord" classname="PuzzleReplacerTest" time="0.0"/>
  <system-out><![CDATA[]]></system-out>
  <system-err><![CDATA[]]></system-err>
</testsuite>
